<?xml version="1.0" encoding="UTF-8"?>
<testng-results ignored="0" total="4" passed="4" failed="0" skipped="0">
  <reporter-output>
  </reporter-output>
  <suite started-at="2021-09-11T23:37:48 GMT-04:00" name="Test" finished-at="2021-09-11T23:38:43 GMT-04:00" duration-ms="55572">
    <groups>
      <group name="cucumber">
        <method signature="AbstractTestNGCucumberTests.runScenario(io.cucumber.testng.PickleWrapper, io.cucumber.testng.FeatureWrapper)[pri:0, instance:TestRunner.Runner_LoginCorrecto@5fbdfdcf]" name="runScenario" class="io.cucumber.testng.AbstractTestNGCucumberTests"/>
        <method signature="AbstractTestNGCucumberTests.runScenario(io.cucumber.testng.PickleWrapper, io.cucumber.testng.FeatureWrapper)[pri:0, instance:TestRunner.Runner_LoginIncorrecto@4d465b11]" name="runScenario" class="io.cucumber.testng.AbstractTestNGCucumberTests"/>
        <method signature="AbstractTestNGCucumberTests.runScenario(io.cucumber.testng.PickleWrapper, io.cucumber.testng.FeatureWrapper)[pri:0, instance:TestRunner.Runner_RegistrarHora@47faa49c]" name="runScenario" class="io.cucumber.testng.AbstractTestNGCucumberTests"/>
      </group> <!-- cucumber -->
    </groups>
    <test started-at="2021-09-11T23:37:48 GMT-04:00" name="Conexión a base de datos" finished-at="2021-09-11T23:37:49 GMT-04:00" duration-ms="968">
      <class name="TestNG.bd_connectTest">
        <test-method signature="test()[pri:0, instance:TestNG.bd_connectTest@65f095f8]" started-at="2021-09-11T23:37:48 GMT-04:00" name="test" finished-at="2021-09-11T23:37:49 GMT-04:00" duration-ms="813" status="PASS">
          <reporter-output>
          </reporter-output>
        </test-method> <!-- test -->
      </class> <!-- TestNG.bd_connectTest -->
    </test> <!-- Conexión a base de datos -->
    <test started-at="2021-09-11T23:37:49 GMT-04:00" name="Datos Correctos" finished-at="2021-09-11T23:38:18 GMT-04:00" duration-ms="28497">
      <class name="TestRunner.Runner_LoginCorrecto">
        <test-method is-config="true" signature="setUpClass()[pri:0, instance:TestRunner.Runner_LoginCorrecto@5fbdfdcf]" started-at="2021-09-11T23:37:49 GMT-04:00" name="setUpClass" finished-at="2021-09-11T23:37:51 GMT-04:00" duration-ms="2141" status="PASS">
          <reporter-output>
          </reporter-output>
        </test-method> <!-- setUpClass -->
        <test-method signature="runScenario(io.cucumber.testng.PickleWrapper, io.cucumber.testng.FeatureWrapper)[pri:0, instance:TestRunner.Runner_LoginCorrecto@5fbdfdcf]" started-at="2021-09-11T23:37:51 GMT-04:00" name="runScenario" description="Runs Cucumber Scenarios" data-provider="scenarios" finished-at="2021-09-11T23:38:17 GMT-04:00" duration-ms="25969" status="PASS">
          <params>
            <param index="0">
              <value>
                <![CDATA["Verificacion de ingreso de sesion"]]>
              </value>
            </param>
            <param index="1">
              <value>
                <![CDATA["Optional[Realizacion de casos ingresando nombre de usuario y contrase�a]"]]>
              </value>
            </param>
          </params>
          <reporter-output>
          </reporter-output>
        </test-method> <!-- runScenario -->
        <test-method is-config="true" signature="tearDownClass()[pri:0, instance:TestRunner.Runner_LoginCorrecto@5fbdfdcf]" started-at="2021-09-11T23:38:17 GMT-04:00" name="tearDownClass" finished-at="2021-09-11T23:38:18 GMT-04:00" duration-ms="367" status="PASS">
          <reporter-output>
          </reporter-output>
        </test-method> <!-- tearDownClass -->
      </class> <!-- TestRunner.Runner_LoginCorrecto -->
    </test> <!-- Datos Correctos -->
    <test started-at="2021-09-11T23:38:18 GMT-04:00" name="Datos Incorrectos" finished-at="2021-09-11T23:38:28 GMT-04:00" duration-ms="10748">
      <class name="TestRunner.Runner_LoginIncorrecto">
        <test-method is-config="true" signature="setUpClass()[pri:0, instance:TestRunner.Runner_LoginIncorrecto@4d465b11]" started-at="2021-09-11T23:38:18 GMT-04:00" name="setUpClass" finished-at="2021-09-11T23:38:18 GMT-04:00" duration-ms="36" status="PASS">
          <reporter-output>
          </reporter-output>
        </test-method> <!-- setUpClass -->
        <test-method signature="runScenario(io.cucumber.testng.PickleWrapper, io.cucumber.testng.FeatureWrapper)[pri:0, instance:TestRunner.Runner_LoginIncorrecto@4d465b11]" started-at="2021-09-11T23:38:18 GMT-04:00" name="runScenario" description="Runs Cucumber Scenarios" data-provider="scenarios" finished-at="2021-09-11T23:38:28 GMT-04:00" duration-ms="10632" status="PASS">
          <params>
            <param index="0">
              <value>
                <![CDATA["Verificacion de ingreso de sesion"]]>
              </value>
            </param>
            <param index="1">
              <value>
                <![CDATA["Optional[Realizacion de casos ingresando nombre de usuario y contrase�a]"]]>
              </value>
            </param>
          </params>
          <reporter-output>
          </reporter-output>
        </test-method> <!-- runScenario -->
        <test-method is-config="true" signature="tearDownClass()[pri:0, instance:TestRunner.Runner_LoginIncorrecto@4d465b11]" started-at="2021-09-11T23:38:28 GMT-04:00" name="tearDownClass" finished-at="2021-09-11T23:38:28 GMT-04:00" duration-ms="74" status="PASS">
          <reporter-output>
          </reporter-output>
        </test-method> <!-- tearDownClass -->
      </class> <!-- TestRunner.Runner_LoginIncorrecto -->
    </test> <!-- Datos Incorrectos -->
    <test started-at="2021-09-11T23:38:28 GMT-04:00" name="Agendar Hora" finished-at="2021-09-11T23:38:43 GMT-04:00" duration-ms="14992">
      <class name="TestRunner.Runner_RegistrarHora">
        <test-method is-config="true" signature="setUpClass()[pri:0, instance:TestRunner.Runner_RegistrarHora@47faa49c]" started-at="2021-09-11T23:38:28 GMT-04:00" name="setUpClass" finished-at="2021-09-11T23:38:28 GMT-04:00" duration-ms="32" status="PASS">
          <reporter-output>
          </reporter-output>
        </test-method> <!-- setUpClass -->
        <test-method signature="runScenario(io.cucumber.testng.PickleWrapper, io.cucumber.testng.FeatureWrapper)[pri:0, instance:TestRunner.Runner_RegistrarHora@47faa49c]" started-at="2021-09-11T23:38:28 GMT-04:00" name="runScenario" description="Runs Cucumber Scenarios" data-provider="scenarios" finished-at="2021-09-11T23:38:43 GMT-04:00" duration-ms="14870" status="PASS">
          <params>
            <param index="0">
              <value>
                <![CDATA["Verificacion de ingreso de sesion"]]>
              </value>
            </param>
            <param index="1">
              <value>
                <![CDATA["Optional[Realizacion de casos ingresando nombre de usuario y contrase�a]"]]>
              </value>
            </param>
          </params>
          <reporter-output>
          </reporter-output>
        </test-method> <!-- runScenario -->
        <test-method is-config="true" signature="tearDownClass()[pri:0, instance:TestRunner.Runner_RegistrarHora@47faa49c]" started-at="2021-09-11T23:38:43 GMT-04:00" name="tearDownClass" finished-at="2021-09-11T23:38:43 GMT-04:00" duration-ms="76" status="PASS">
          <reporter-output>
          </reporter-output>
        </test-method> <!-- tearDownClass -->
      </class> <!-- TestRunner.Runner_RegistrarHora -->
    </test> <!-- Agendar Hora -->
  </suite> <!-- Test -->
</testng-results>
